<?xml version="1.0" encoding="UTF-8"?>
<!-- Generated by org.testng.reporters.JUnitXMLReporter -->
<testsuite ignored="6" hostname="DESKTOP-65NECE7" failures="0" tests="1" name="Default test" time="6.567" errors="0" timestamp="2025-12-02T01:51:48 PST">
  <testcase classname="CodenBox.MyTestCases" name="CheckBoxEx" time="0.034"/>
  <testcase classname="CodenBox.MyTestCases" name="AlertExample" time="0.0">
    <ignored/>
  </testcase> <!-- AlertExample -->
  <testcase classname="CodenBox.MyTestCases" name="OpenTab" time="0.0">
    <ignored/>
  </testcase> <!-- OpenTab -->
  <testcase classname="CodenBox.MyTestCases" name="RadioButton" time="0.0">
    <ignored/>
  </testcase> <!-- RadioButton -->
  <testcase classname="CodenBox.MyTestCases" name="DynamicDropDown" time="0.0">
    <ignored/>
  </testcase> <!-- DynamicDropDown -->
  <testcase classname="CodenBox.MyTestCases" name="SwitchWindow" time="0.0">
    <ignored/>
  </testcase> <!-- SwitchWindow -->
  <testcase classname="CodenBox.MyTestCases" name="StaticDropDown" time="0.0">
    <ignored/>
  </testcase> <!-- StaticDropDown -->
</testsuite> <!-- Default test -->
