<?xml version="1.0" encoding="UTF-8"?>
<!-- Generated by org.testng.reporters.JUnitXMLReporter -->
<testsuite ignored="2" hostname="DESKTOP-65NECE7" failures="0" tests="1" name="Default test" time="5.937" errors="0" timestamp="2025-11-29T10:17:37 PST">
  <testcase classname="CodenBox.MyTestCases" name="StaticDropDown" time="0.138"/>
  <testcase classname="CodenBox.MyTestCases" name="DynamicDropDown" time="0.0">
    <ignored/>
  </testcase> <!-- DynamicDropDown -->
  <testcase classname="CodenBox.MyTestCases" name="RadioButton" time="0.0">
    <ignored/>
  </testcase> <!-- RadioButton -->
</testsuite> <!-- Default test -->
