<?xml version="1.0" encoding="UTF-8"?>
<testng-results ignored="9" total="10" passed="1" failed="0" skipped="0">
  <reporter-output>
  </reporter-output>
  <suite started-at="2025-12-03T06:37:21 PST" name="Default suite" finished-at="2025-12-03T06:37:34 PST" duration-ms="12660">
    <groups>
    </groups>
    <test started-at="2025-12-03T06:37:21 PST" name="Default test" finished-at="2025-12-03T06:37:34 PST" duration-ms="12660">
      <class name="CodenBox.MyTestCases">
        <test-method is-config="true" signature="AutomationSetup()[pri:0, instance:CodenBox.MyTestCases@2072acb2]" started-at="2025-12-03T06:37:21 PST" name="AutomationSetup" finished-at="2025-12-03T06:37:30 PST" duration-ms="9113" status="PASS">
          <reporter-output>
          </reporter-output>
        </test-method> <!-- AutomationSetup -->
        <test-method signature="MouseHover()[pri:0, instance:CodenBox.MyTestCases@2072acb2]" started-at="2025-12-03T06:37:30 PST" name="MouseHover" finished-at="2025-12-03T06:37:34 PST" duration-ms="3495" status="PASS">
          <reporter-output>
          </reporter-output>
        </test-method> <!-- MouseHover -->
        <test-method is-config="true" signature="AutomationClose()[pri:0, instance:CodenBox.MyTestCases@2072acb2]" started-at="2025-12-03T06:37:34 PST" name="AutomationClose" finished-at="2025-12-03T06:37:34 PST" duration-ms="2" status="PASS">
          <reporter-output>
          </reporter-output>
        </test-method> <!-- AutomationClose -->
      </class> <!-- CodenBox.MyTestCases -->
    </test> <!-- Default test -->
  </suite> <!-- Default suite -->
</testng-results>
