<?xml version="1.0" encoding="UTF-8"?>
<testng-results ignored="12" total="13" passed="1" failed="0" skipped="0">
  <reporter-output>
  </reporter-output>
  <suite started-at="2025-12-05T06:20:06 PST" name="Default suite" finished-at="2025-12-05T06:20:17 PST" duration-ms="11295">
    <groups>
    </groups>
    <test started-at="2025-12-05T06:20:06 PST" name="Default test" finished-at="2025-12-05T06:20:17 PST" duration-ms="11295">
      <class name="CodenBox.MyTestCases">
        <test-method is-config="true" signature="AutomationSetup()[pri:0, instance:CodenBox.MyTestCases@70a36a66]" started-at="2025-12-05T06:20:06 PST" name="AutomationSetup" finished-at="2025-12-05T06:20:12 PST" duration-ms="5885" status="PASS">
          <reporter-output>
          </reporter-output>
        </test-method> <!-- AutomationSetup -->
        <test-method signature="IFrameExample()[pri:0, instance:CodenBox.MyTestCases@70a36a66]" started-at="2025-12-05T06:20:12 PST" name="IFrameExample" finished-at="2025-12-05T06:20:17 PST" duration-ms="5363" status="PASS">
          <reporter-output>
          </reporter-output>
        </test-method> <!-- IFrameExample -->
        <test-method is-config="true" signature="AutomationClose()[pri:0, instance:CodenBox.MyTestCases@70a36a66]" started-at="2025-12-05T06:20:17 PST" name="AutomationClose" finished-at="2025-12-05T06:20:17 PST" duration-ms="1" status="PASS">
          <reporter-output>
          </reporter-output>
        </test-method> <!-- AutomationClose -->
      </class> <!-- CodenBox.MyTestCases -->
    </test> <!-- Default test -->
  </suite> <!-- Default suite -->
</testng-results>
