<?xml version="1.0" encoding="UTF-8"?>
<!-- Generated by org.testng.reporters.JUnitReportReporter -->
<testsuite hostname="DESKTOP-65NECE7" failures="0" tests="13" name="CodenBox.MyTestCases" time="5.363" errors="0" timestamp="2025-12-05T06:20:17 PST" skipped="12">
  <testcase classname="CodenBox.MyTestCases" name="IFrameExample" time="5.363"/>
  <testcase classname="CodenBox.MyTestCases" name="EnableAndDisable">
    <skipped/>
  </testcase> <!-- EnableAndDisable -->
  <testcase classname="CodenBox.MyTestCases" name="RadioButton">
    <skipped/>
  </testcase> <!-- RadioButton -->
  <testcase classname="CodenBox.MyTestCases" name="AlertExample">
    <skipped/>
  </testcase> <!-- AlertExample -->
  <testcase classname="CodenBox.MyTestCases" name="CheckBoxEx">
    <skipped/>
  </testcase> <!-- CheckBoxEx -->
  <testcase classname="CodenBox.MyTestCases" name="DynamicDropDown">
    <skipped/>
  </testcase> <!-- DynamicDropDown -->
  <testcase classname="CodenBox.MyTestCases" name="ElementDisplay">
    <skipped/>
  </testcase> <!-- ElementDisplay -->
  <testcase classname="CodenBox.MyTestCases" name="MouseHover">
    <skipped/>
  </testcase> <!-- MouseHover -->
  <testcase classname="CodenBox.MyTestCases" name="OpenTab">
    <skipped/>
  </testcase> <!-- OpenTab -->
  <testcase classname="CodenBox.MyTestCases" name="SwitchWindow">
    <skipped/>
  </testcase> <!-- SwitchWindow -->
  <testcase classname="CodenBox.MyTestCases" name="CalendarExample">
    <skipped/>
  </testcase> <!-- CalendarExample -->
  <testcase classname="CodenBox.MyTestCases" name="StaticDropDown">
    <skipped/>
  </testcase> <!-- StaticDropDown -->
  <testcase classname="CodenBox.MyTestCases" name="WebTable">
    <skipped/>
  </testcase> <!-- WebTable -->
</testsuite> <!-- CodenBox.MyTestCases -->
