<?xml version="1.0" encoding="UTF-8"?>
<!-- Generated by org.testng.reporters.JUnitReportReporter -->
<testsuite hostname="DESKTOP-65NECE7" failures="0" tests="10" name="CodenBox.MyTestCases" time="3.495" errors="0" timestamp="2025-12-03T06:37:34 PST" skipped="9">
  <testcase classname="CodenBox.MyTestCases" name="MouseHover" time="3.495"/>
  <testcase classname="CodenBox.MyTestCases" name="SwitchWindow">
    <skipped/>
  </testcase> <!-- SwitchWindow -->
  <testcase classname="CodenBox.MyTestCases" name="StaticDropDown">
    <skipped/>
  </testcase> <!-- StaticDropDown -->
  <testcase classname="CodenBox.MyTestCases" name="DynamicDropDown">
    <skipped/>
  </testcase> <!-- DynamicDropDown -->
  <testcase classname="CodenBox.MyTestCases" name="CheckBoxEx">
    <skipped/>
  </testcase> <!-- CheckBoxEx -->
  <testcase classname="CodenBox.MyTestCases" name="WebTable">
    <skipped/>
  </testcase> <!-- WebTable -->
  <testcase classname="CodenBox.MyTestCases" name="ElementDisplay">
    <skipped/>
  </testcase> <!-- ElementDisplay -->
  <testcase classname="CodenBox.MyTestCases" name="AlertExample">
    <skipped/>
  </testcase> <!-- AlertExample -->
  <testcase classname="CodenBox.MyTestCases" name="OpenTab">
    <skipped/>
  </testcase> <!-- OpenTab -->
  <testcase classname="CodenBox.MyTestCases" name="RadioButton">
    <skipped/>
  </testcase> <!-- RadioButton -->
</testsuite> <!-- CodenBox.MyTestCases -->
