<?xml version="1.0" encoding="UTF-8"?>
<!-- Generated by org.testng.reporters.JUnitReportReporter -->
<testsuite hostname="DESKTOP-65NECE7" failures="0" tests="3" name="Aotomation.MyTestCases" time="112.395" errors="0" timestamp="2025-11-25T10:35:02 PST" skipped="0">
  <testcase classname="Aotomation.MyTestCases" name="AutomationSignUP" time="7.977"/>
  <testcase classname="Aotomation.MyTestCases" name="AutomationContinue" time="102.456"/>
  <testcase classname="Aotomation.MyTestCases" name="AutomationDeleteAccount" time="1.962"/>
</testsuite> <!-- Aotomation.MyTestCases -->
