<?xml version="1.0" encoding="UTF-8"?>
<!-- Generated by org.testng.reporters.JUnitReportReporter -->
<testsuite hostname="DESKTOP-65NECE7" failures="0" tests="4" name="Setup.MyTestCases" time="11.476" errors="0" timestamp="2025-11-26T05:04:58 PST" skipped="0">
  <testcase classname="Setup.MyTestCases" name="AutomationSignUP" time="2.264"/>
  <testcase classname="Setup.MyTestCases" name="AutomationSignIn" time="4.454"/>
  <testcase classname="Setup.MyTestCases" name="SignIn" time="3.321"/>
  <testcase classname="Setup.MyTestCases" name="DeleteAccount" time="1.437"/>
</testsuite> <!-- Setup.MyTestCases -->
